\BOOKMARK [0][-]{chapter.1}{\376\377\000W\000s\000t\001\031\000p}{}% 1
\BOOKMARK [1][-]{section.1.1}{\376\377\000W\000p\000r\000o\000w\000a\000d\000z\000e\000n\000i\000e\000\040\000d\000o\000\040\000p\000r\000o\000b\000l\000e\000m\000a\000t\000y\000k\000i\000\040\000s\000y\000s\000t\000e\000m\000\363\000w\000\040\000a\000n\000t\000y\000d\000r\000o\000n\000o\000w\000y\000c\000h}{chapter.1}% 2
\BOOKMARK [1][-]{section.1.2}{\376\377\000I\000d\000e\000n\000t\000y\000f\000i\000k\000a\000c\000j\000a\000\040\000p\000r\000o\000b\000l\000e\000m\000\363\000w\000\040\000b\000a\000d\000a\000w\000c\000z\000y\000c\000h}{chapter.1}% 3
\BOOKMARK [1][-]{section.1.3}{\376\377\000C\000e\000l\000\040\000i\000\040\000z\000a\000k\000r\000e\000s\000\040\000p\000r\000a\000c\000y}{chapter.1}% 4
\BOOKMARK [1][-]{section.1.4}{\376\377\000U\000k\001\102\000a\000d\000\040\000p\000r\000a\000c\000y}{chapter.1}% 5
\BOOKMARK [0][-]{chapter.2}{\376\377\000A\000n\000a\000l\000i\000z\000a\000\040\000t\000e\000m\000a\000t\000u}{}% 6
\BOOKMARK [1][-]{section.2.1}{\376\377\000S\000p\000e\000c\000y\000f\000i\000k\000a\000\040\000p\000r\000o\000c\000e\000s\000u\000\040\000n\000e\000u\000t\000r\000a\000l\000i\000z\000a\000c\000j\000i\000\040\000k\000i\000n\000e\000t\000y\000c\000z\000n\000e\000j\000\040\000i\000\040\000e\000n\000e\000r\000g\000e\000t\000y\000c\000z\000n\000e\000j}{chapter.2}% 7
\BOOKMARK [1][-]{section.2.2}{\376\377\000P\000r\000z\000e\000g\000l\001\005\000d\000\040\000d\000o\000s\000t\001\031\000p\000n\000y\000c\000h\000\040\000r\000o\000z\000w\000i\001\005\000z\000a\001\104\000\040\000i\000\040\000i\000c\000h\000\040\000o\000g\000r\000a\000n\000i\000c\000z\000e\000n\000i\000a}{chapter.2}% 8
\BOOKMARK [1][-]{section.2.3}{\376\377\000Z\000i\000d\000e\000n\000t\000y\000f\000i\000k\000o\000w\000a\000n\000e\000\040\000b\000a\000r\000i\000e\000r\000y\000\040\000t\000e\000c\000h\000n\000o\000l\000o\000g\000i\000c\000z\000n\000e}{chapter.2}% 9
\BOOKMARK [1][-]{section.2.4}{\376\377\000A\000n\000a\000l\000i\000z\000a\000\040\000l\000i\000t\000e\000r\000a\000t\000u\000r\000y}{chapter.2}% 10
\BOOKMARK [2][-]{subsection.2.4.1}{\376\377\000M\000e\000t\000o\000d\000y\000\040\001\133\000l\000e\000d\000z\000e\000n\000i\000a\000\040\000o\000b\000i\000e\000k\000t\000\363\000w}{section.2.4}% 11
\BOOKMARK [2][-]{subsection.2.4.2}{\376\377\000H\000y\000b\000r\000y\000d\000o\000w\000a\000\040\000d\000e\000t\000e\000k\000c\000j\000a\000\040\000o\000b\000i\000e\000k\000t\000\363\000w\000\040\000w\000\040\000s\000y\000s\000t\000e\000m\000a\000c\000h\000\040\000o\000\040\000s\000t\000a\000t\000y\000c\000z\000n\000y\000m\000\040\000t\000l\000e}{section.2.4}% 12
\BOOKMARK [2][-]{subsection.2.4.3}{\376\377\000W\001\102\000a\001\133\000c\000i\000w\000o\001\133\000c\000i\000\040\000k\000a\000m\000e\000r\000\040\000o\000\040\000m\000a\000t\000r\000y\000c\000y\000\040\000z\000\040\000j\000e\000d\000n\000o\000c\000z\000e\000s\000n\001\005\000\040\000e\000k\000s\000p\000o\000z\000y\000c\000j\001\005\000\040\000w\000\040\000s\000y\000s\000t\000e\000m\000a\000c\000h\000\040\000p\000e\000r\000c\000e\000p\000c\000j\000i\000\040\000r\000o\000b\000o\000t\000\363\000w}{section.2.4}% 13
\BOOKMARK [2][-]{subsection.2.4.4}{\376\377\000C\000e\000c\000h\000y\000\040\000f\000i\000z\000y\000c\000z\000n\000e\000\040\000d\000r\000o\000n\000\363\000w}{section.2.4}% 14
\BOOKMARK [2][-]{subsection.2.4.5}{\376\377\000L\000a\000s\000e\000r\000y\000\040\000n\000i\000s\000k\000o\000m\000o\000c\000o\000w\000e}{section.2.4}% 15
\BOOKMARK [2][-]{subsection.2.4.6}{\376\377\000D\000o\000b\000\363\000r\000\040\000g\000e\000o\000m\000e\000t\000r\000i\000i\000\040\000u\000z\001\031\000b\000i\000e\000n\000i\000a\000\040\000i\000\040\000s\000t\000r\000u\000k\000t\000u\000r\000y\000\040\000k\000i\000n\000e\000m\000a\000t\000y\000c\000z\000n\000e\000j\000\040\000n\000a\000p\001\031\000d\000u}{section.2.4}% 16
\BOOKMARK [1][-]{section.2.5}{\376\377\000S\000y\000n\000t\000e\000z\000a\000\040\000a\000n\000a\000l\000i\000z\000y\000\040\000i\000\040\000k\000o\000n\000c\000e\000p\000c\000j\000a\000\040\000a\000u\000t\000o\000r\000s\000k\000a}{chapter.2}% 17
\BOOKMARK [0][-]{chapter.3}{\376\377\000[\000T\000y\000t\000u\001\102\000\040\000r\000o\000z\000d\000z\000i\000a\001\102\000u\000]}{}% 18
\BOOKMARK [1][-]{section.3.1}{\376\377\000[\000T\000y\000t\000u\001\102\000\040\000p\000o\000d\000r\000o\000z\000d\000z\000i\000a\001\102\000u\000]}{chapter.3}% 19
\BOOKMARK [1][-]{section.3.2}{\376\377\000[\000T\000y\000t\000u\001\102\000\040\000p\000o\000d\000r\000o\000z\000d\000z\000i\000a\001\102\000u\000]}{chapter.3}% 20
\BOOKMARK [0][-]{chapter.4}{\376\377\000B\000a\000d\000a\000n\000i\000a}{}% 21
\BOOKMARK [0][-]{chapter.5}{\376\377\000P\000o\000d\000s\000u\000m\000o\000w\000a\000n\000i\000e}{}% 22
\BOOKMARK [0][-]{section*.26}{\376\377\000B\000i\000b\000l\000i\000o\000g\000r\000a\000f\000i\000a}{}% 23
\BOOKMARK [0][-]{appendix*.28}{\376\377\000D\000o\000k\000u\000m\000e\000n\000t\000a\000c\000j\000a\000\040\000t\000e\000c\000h\000n\000i\000c\000z\000n\000a}{}% 24
\BOOKMARK [0][-]{appendix*.29}{\376\377\000S\000p\000i\000s\000\040\000s\000k\000r\000\363\000t\000\363\000w\000\040\000i\000\040\000s\000y\000m\000b\000o\000l\000i}{}% 25
\BOOKMARK [0][-]{appendix*.30}{\376\377\000L\000i\000s\000t\000a\000\040\000d\000o\000d\000a\000t\000k\000o\000w\000y\000c\000h\000\040\000p\000l\000i\000k\000\363\000w\000,\000\040\000u\000z\000u\000p\000e\001\102\000n\000i\000a\000j\001\005\000c\000y\000c\000h\000\040\000t\000e\000k\000s\000t\000\040\000p\000r\000a\000c\000y\000\040\000\050\000j\000e\001\174\000e\000l\000i\000\040\000d\000o\000t\000y\000c\000z\000y\000\051}{}% 26
\BOOKMARK [0][-]{appendix*.31}{\376\377\000S\000p\000i\000s\000\040\000r\000y\000s\000u\000n\000k\000\363\000w}{}% 27
\BOOKMARK [0][-]{appendix*.32}{\376\377\000S\000p\000i\000s\000\040\000t\000a\000b\000e\000l}{}% 28
